build/app/intermediates/manifest_merge_blame_file/debug/manifest-merger-blame-debug-report.txt
1<?xml version="1.0" encoding="utf-8"?>
2<manifest xmlns:android="http://schemas.android.com/apk/res/android"
3    package="com.example.rielera_app"
4    android:versionCode="1"
5    android:versionName="1.0.0" >
6
7    <uses-sdk
8        android:minSdkVersion="16"
9        android:targetSdkVersion="30" />
10    <!--
11         Flutter needs it to communicate with the running application
12         to allow setting breakpoints, to provide hot reload, etc.
13    -->
14    <uses-permission android:name="android.permission.INTERNET" />
14-->src/debug/AndroidManifest.xml:6:5-66
14-->src/debug/AndroidManifest.xml:6:22-64
15    <uses-permission android:name="android.permission.ACCESS_NETWORK_STATE" />
15-->[com.google.firebase:firebase-auth:21.0.1] AndroidManifest.xml:24:5-79
15-->[com.google.firebase:firebase-auth:21.0.1] AndroidManifest.xml:24:22-76
16
17    <application
17-->src/main/AndroidManifest.xml:3:4-40:19
18        android:name="androidx.multidex.MultiDexApplication"
19        android:appComponentFactory="androidx.core.app.CoreComponentFactory"
19-->[androidx.core:core:1.1.0] AndroidManifest.xml:24:18-86
20        android:debuggable="true"
21        android:icon="@mipmap/ic_launcher"
21-->src/main/AndroidManifest.xml:5:9-43
22        android:label="rielera_app" >
22-->src/main/AndroidManifest.xml:4:9-36
23        <activity
23-->src/main/AndroidManifest.xml:6:9-34:20
24            android:name="com.example.rielera_app.MainActivity"
24-->src/main/AndroidManifest.xml:7:13-41
25            android:configChanges="orientation|keyboardHidden|keyboard|screenSize|smallestScreenSize|locale|layoutDirection|fontScale|screenLayout|density|uiMode"
25-->src/main/AndroidManifest.xml:10:13-163
26            android:hardwareAccelerated="true"
26-->src/main/AndroidManifest.xml:11:13-47
27            android:launchMode="singleTop"
27-->src/main/AndroidManifest.xml:8:13-43
28            android:theme="@style/LaunchTheme"
28-->src/main/AndroidManifest.xml:9:13-47
29            android:windowSoftInputMode="adjustResize" >
29-->src/main/AndroidManifest.xml:12:13-55
30
31            <!--
32                 Specifies an Android theme to apply to this Activity as soon as
33                 the Android process has started. This theme is visible to the user
34                 while the Flutter UI initializes. After that, this theme continues
35                 to determine the Window background behind the Flutter UI.
36            -->
37            <meta-data
37-->src/main/AndroidManifest.xml:17:13-20:17
38                android:name="io.flutter.embedding.android.NormalTheme"
38-->src/main/AndroidManifest.xml:18:15-70
39                android:resource="@style/NormalTheme" />
39-->src/main/AndroidManifest.xml:19:15-52
40            <!--
41                 Displays an Android View that continues showing the launch screen
42                 Drawable until Flutter paints its first frame, then this splash
43                 screen fades out. A splash screen is useful to avoid any visual
44                 gap between the end of Android's launch screen and the painting of
45                 Flutter's first frame.
46            -->
47            <meta-data
47-->src/main/AndroidManifest.xml:26:13-29:17
48                android:name="io.flutter.embedding.android.SplashScreenDrawable"
48-->src/main/AndroidManifest.xml:27:15-79
49                android:resource="@drawable/launch_background" />
49-->src/main/AndroidManifest.xml:28:15-61
50
51            <intent-filter>
51-->src/main/AndroidManifest.xml:30:13-33:29
52                <action android:name="android.intent.action.MAIN" />
52-->src/main/AndroidManifest.xml:31:17-68
52-->src/main/AndroidManifest.xml:31:25-66
53
54                <category android:name="android.intent.category.LAUNCHER" />
54-->src/main/AndroidManifest.xml:32:17-76
54-->src/main/AndroidManifest.xml:32:27-74
55            </intent-filter>
56        </activity>
57        <!--
58             Don't delete the meta-data below.
59             This is used by the Flutter tool to generate GeneratedPluginRegistrant.java
60        -->
61        <meta-data
61-->src/main/AndroidManifest.xml:37:9-39:33
62            android:name="flutterEmbedding"
62-->src/main/AndroidManifest.xml:38:13-44
63            android:value="2" />
63-->src/main/AndroidManifest.xml:39:13-30
64
65        <service
65-->[:firebase_auth] AndroidManifest.xml:8:9-12:19
66            android:name="com.google.firebase.components.ComponentDiscoveryService"
66-->[:firebase_auth] AndroidManifest.xml:8:18-89
67            android:directBootAware="true"
67-->[com.google.firebase:firebase-common:20.0.0] AndroidManifest.xml:35:13-43
68            android:exported="false" >
68-->[com.google.firebase:firebase-auth:21.0.1] AndroidManifest.xml:76:13-37
69            <meta-data
69-->[:firebase_auth] AndroidManifest.xml:9:13-11:85
70                android:name="com.google.firebase.components:io.flutter.plugins.firebase.auth.FlutterFirebaseAuthRegistrar"
70-->[:firebase_auth] AndroidManifest.xml:10:17-124
71                android:value="com.google.firebase.components.ComponentRegistrar" />
71-->[:firebase_auth] AndroidManifest.xml:11:17-82
72            <meta-data
72-->[:firebase_core] AndroidManifest.xml:9:13-11:85
73                android:name="com.google.firebase.components:io.flutter.plugins.firebase.core.FlutterFirebaseCoreRegistrar"
73-->[:firebase_core] AndroidManifest.xml:10:17-124
74                android:value="com.google.firebase.components.ComponentRegistrar" />
74-->[:firebase_core] AndroidManifest.xml:11:17-82
75            <meta-data
75-->[com.google.firebase:firebase-auth:21.0.1] AndroidManifest.xml:77:13-79:85
76                android:name="com.google.firebase.components:com.google.firebase.auth.FirebaseAuthRegistrar"
76-->[com.google.firebase:firebase-auth:21.0.1] AndroidManifest.xml:78:17-109
77                android:value="com.google.firebase.components.ComponentRegistrar" />
77-->[com.google.firebase:firebase-auth:21.0.1] AndroidManifest.xml:79:17-82
78        </service>
79
80        <activity
80-->[:url_launcher_android] AndroidManifest.xml:8:9-11:74
81            android:name="io.flutter.plugins.urllauncher.WebViewActivity"
81-->[:url_launcher_android] AndroidManifest.xml:9:13-74
82            android:exported="false"
82-->[:url_launcher_android] AndroidManifest.xml:10:13-37
83            android:theme="@android:style/Theme.NoTitleBar.Fullscreen" />
83-->[:url_launcher_android] AndroidManifest.xml:11:13-71
84        <activity
84-->[com.google.firebase:firebase-auth:21.0.1] AndroidManifest.xml:27:9-44:20
85            android:name="com.google.firebase.auth.internal.GenericIdpActivity"
85-->[com.google.firebase:firebase-auth:21.0.1] AndroidManifest.xml:28:13-80
86            android:excludeFromRecents="true"
86-->[com.google.firebase:firebase-auth:21.0.1] AndroidManifest.xml:29:13-46
87            android:exported="true"
87-->[com.google.firebase:firebase-auth:21.0.1] AndroidManifest.xml:30:13-36
88            android:launchMode="singleTask"
88-->[com.google.firebase:firebase-auth:21.0.1] AndroidManifest.xml:31:13-44
89            android:theme="@android:style/Theme.Translucent.NoTitleBar" >
89-->[com.google.firebase:firebase-auth:21.0.1] AndroidManifest.xml:32:13-72
90            <intent-filter>
90-->[com.google.firebase:firebase-auth:21.0.1] AndroidManifest.xml:33:13-43:29
91                <action android:name="android.intent.action.VIEW" />
91-->[com.google.firebase:firebase-auth:21.0.1] AndroidManifest.xml:34:17-69
91-->[com.google.firebase:firebase-auth:21.0.1] AndroidManifest.xml:34:25-66
92
93                <category android:name="android.intent.category.DEFAULT" />
93-->[com.google.firebase:firebase-auth:21.0.1] AndroidManifest.xml:36:17-76
93-->[com.google.firebase:firebase-auth:21.0.1] AndroidManifest.xml:36:27-73
94                <category android:name="android.intent.category.BROWSABLE" />
94-->[com.google.firebase:firebase-auth:21.0.1] AndroidManifest.xml:37:17-78
94-->[com.google.firebase:firebase-auth:21.0.1] AndroidManifest.xml:37:27-75
95
96                <data
96-->[com.google.firebase:firebase-auth:21.0.1] AndroidManifest.xml:39:17-42:51
97                    android:host="firebase.auth"
97-->[com.google.firebase:firebase-auth:21.0.1] AndroidManifest.xml:40:21-49
98                    android:path="/"
98-->[com.google.firebase:firebase-auth:21.0.1] AndroidManifest.xml:41:21-37
99                    android:scheme="genericidp" />
99-->[com.google.firebase:firebase-auth:21.0.1] AndroidManifest.xml:42:21-48
100            </intent-filter>
101        </activity>
102        <activity
102-->[com.google.firebase:firebase-auth:21.0.1] AndroidManifest.xml:45:9-62:20
103            android:name="com.google.firebase.auth.internal.RecaptchaActivity"
103-->[com.google.firebase:firebase-auth:21.0.1] AndroidManifest.xml:46:13-79
104            android:excludeFromRecents="true"
104-->[com.google.firebase:firebase-auth:21.0.1] AndroidManifest.xml:47:13-46
105            android:exported="true"
105-->[com.google.firebase:firebase-auth:21.0.1] AndroidManifest.xml:48:13-36
106            android:launchMode="singleTask"
106-->[com.google.firebase:firebase-auth:21.0.1] AndroidManifest.xml:49:13-44
107            android:theme="@android:style/Theme.Translucent.NoTitleBar" >
107-->[com.google.firebase:firebase-auth:21.0.1] AndroidManifest.xml:50:13-72
108            <intent-filter>
108-->[com.google.firebase:firebase-auth:21.0.1] AndroidManifest.xml:51:13-61:29
109                <action android:name="android.intent.action.VIEW" />
109-->[com.google.firebase:firebase-auth:21.0.1] AndroidManifest.xml:34:17-69
109-->[com.google.firebase:firebase-auth:21.0.1] AndroidManifest.xml:34:25-66
110
111                <category android:name="android.intent.category.DEFAULT" />
111-->[com.google.firebase:firebase-auth:21.0.1] AndroidManifest.xml:36:17-76
111-->[com.google.firebase:firebase-auth:21.0.1] AndroidManifest.xml:36:27-73
112                <category android:name="android.intent.category.BROWSABLE" />
112-->[com.google.firebase:firebase-auth:21.0.1] AndroidManifest.xml:37:17-78
112-->[com.google.firebase:firebase-auth:21.0.1] AndroidManifest.xml:37:27-75
113
114                <data
114-->[com.google.firebase:firebase-auth:21.0.1] AndroidManifest.xml:39:17-42:51
115                    android:host="firebase.auth"
115-->[com.google.firebase:firebase-auth:21.0.1] AndroidManifest.xml:40:21-49
116                    android:path="/"
116-->[com.google.firebase:firebase-auth:21.0.1] AndroidManifest.xml:41:21-37
117                    android:scheme="recaptcha" />
117-->[com.google.firebase:firebase-auth:21.0.1] AndroidManifest.xml:42:21-48
118            </intent-filter>
119        </activity>
120
121        <service
121-->[com.google.firebase:firebase-auth:21.0.1] AndroidManifest.xml:64:9-73:19
122            android:name="com.google.firebase.auth.api.fallback.service.FirebaseAuthFallbackService"
122-->[com.google.firebase:firebase-auth:21.0.1] AndroidManifest.xml:65:13-101
123            android:enabled="true"
123-->[com.google.firebase:firebase-auth:21.0.1] AndroidManifest.xml:66:13-35
124            android:exported="false" >
124-->[com.google.firebase:firebase-auth:21.0.1] AndroidManifest.xml:67:13-37
125            <intent-filter>
125-->[com.google.firebase:firebase-auth:21.0.1] AndroidManifest.xml:68:13-72:29
126                <action android:name="com.google.firebase.auth.api.gms.service.START" />
126-->[com.google.firebase:firebase-auth:21.0.1] AndroidManifest.xml:69:17-89
126-->[com.google.firebase:firebase-auth:21.0.1] AndroidManifest.xml:69:25-86
127
128                <category android:name="android.intent.category.DEFAULT" />
128-->[com.google.firebase:firebase-auth:21.0.1] AndroidManifest.xml:36:17-76
128-->[com.google.firebase:firebase-auth:21.0.1] AndroidManifest.xml:36:27-73
129            </intent-filter>
130        </service>
131
132        <provider
132-->[com.google.firebase:firebase-common:20.0.0] AndroidManifest.xml:26:9-31:39
133            android:name="com.google.firebase.provider.FirebaseInitProvider"
133-->[com.google.firebase:firebase-common:20.0.0] AndroidManifest.xml:27:13-77
134            android:authorities="com.example.rielera_app.firebaseinitprovider"
134-->[com.google.firebase:firebase-common:20.0.0] AndroidManifest.xml:28:13-72
135            android:directBootAware="true"
135-->[com.google.firebase:firebase-common:20.0.0] AndroidManifest.xml:29:13-43
136            android:exported="false"
136-->[com.google.firebase:firebase-common:20.0.0] AndroidManifest.xml:30:13-37
137            android:initOrder="100" />
137-->[com.google.firebase:firebase-common:20.0.0] AndroidManifest.xml:31:13-36
138
139        <activity
139-->[com.google.android.gms:play-services-auth:16.0.1] AndroidManifest.xml:23:9-27:75
140            android:name="com.google.android.gms.auth.api.signin.internal.SignInHubActivity"
140-->[com.google.android.gms:play-services-auth:16.0.1] AndroidManifest.xml:24:13-93
141            android:excludeFromRecents="true"
141-->[com.google.android.gms:play-services-auth:16.0.1] AndroidManifest.xml:25:13-46
142            android:exported="false"
142-->[com.google.android.gms:play-services-auth:16.0.1] AndroidManifest.xml:26:13-37
143            android:theme="@android:style/Theme.Translucent.NoTitleBar" />
143-->[com.google.android.gms:play-services-auth:16.0.1] AndroidManifest.xml:27:13-72
144        <!--
145            Service handling Google Sign-In user revocation. For apps that do not integrate with
146            Google Sign-In, this service will never be started.
147        -->
148        <service
148-->[com.google.android.gms:play-services-auth:16.0.1] AndroidManifest.xml:33:9-36:110
149            android:name="com.google.android.gms.auth.api.signin.RevocationBoundService"
149-->[com.google.android.gms:play-services-auth:16.0.1] AndroidManifest.xml:34:13-89
150            android:exported="true"
150-->[com.google.android.gms:play-services-auth:16.0.1] AndroidManifest.xml:35:13-36
151            android:permission="com.google.android.gms.auth.api.signin.permission.REVOCATION_NOTIFICATION" />
151-->[com.google.android.gms:play-services-auth:16.0.1] AndroidManifest.xml:36:13-107
152
153        <activity
153-->[com.google.android.gms:play-services-base:17.1.0] AndroidManifest.xml:23:9-26:75
154            android:name="com.google.android.gms.common.api.GoogleApiActivity"
154-->[com.google.android.gms:play-services-base:17.1.0] AndroidManifest.xml:24:13-79
155            android:exported="false"
155-->[com.google.android.gms:play-services-base:17.1.0] AndroidManifest.xml:25:13-37
156            android:theme="@android:style/Theme.Translucent.NoTitleBar" />
156-->[com.google.android.gms:play-services-base:17.1.0] AndroidManifest.xml:26:13-72
157
158        <meta-data
158-->[com.google.android.gms:play-services-basement:17.1.0] AndroidManifest.xml:23:9-25:69
159            android:name="com.google.android.gms.version"
159-->[com.google.android.gms:play-services-basement:17.1.0] AndroidManifest.xml:24:13-58
160            android:value="@integer/google_play_services_version" />
160-->[com.google.android.gms:play-services-basement:17.1.0] AndroidManifest.xml:25:13-66
161    </application>
162
163</manifest>